-- The C compiler identification is GNU 11.4.0
-- The CXX compiler identification is GNU 11.4.0
-- Detecting C compiler ABI info
-- Detecting C compiler ABI info - done
-- Check for working C compiler: /usr/bin/cc - skipped
-- Detecting C compile features
-- Detecting C compile features - done
-- Detecting CXX compiler ABI info
-- Detecting CXX compiler ABI info - done
-- Check for working CXX compiler: /usr/bin/c++ - skipped
-- Detecting CXX compile features
-- Detecting CXX compile features - done
-- Found ament_cmake: 1.3.12 (/opt/ros/humble/share/ament_cmake/cmake)
-- Found Python3: /usr/bin/python3 (found version "3.10.12") found components: Interpreter 
-- Found rclcpp: 16.0.16 (/opt/ros/humble/share/rclcpp/cmake)
-- Found rosidl_generator_c: 3.1.7 (/opt/ros/humble/share/rosidl_generator_c/cmake)
-- Found rosidl_adapter: 3.1.7 (/opt/ros/humble/share/rosidl_adapter/cmake)
-- Found rosidl_generator_cpp: 3.1.7 (/opt/ros/humble/share/rosidl_generator_cpp/cmake)
-- Using all available rosidl_typesupport_c: rosidl_typesupport_fastrtps_c;rosidl_typesupport_introspection_c
-- Using all available rosidl_typesupport_cpp: rosidl_typesupport_fastrtps_cpp;rosidl_typesupport_introspection_cpp
-- Found rmw_implementation_cmake: 6.1.2 (/opt/ros/humble/share/rmw_implementation_cmake/cmake)
-- Found rmw_fastrtps_cpp: 6.2.9 (/opt/ros/humble/share/rmw_fastrtps_cpp/cmake)
-- Found OpenSSL: /usr/lib/x86_64-linux-gnu/libcrypto.so (found version "3.0.2")  
-- Found FastRTPS: /opt/ros/humble/include  
-- Using RMW implementation 'rmw_fastrtps_cpp' as default
-- Looking for pthread.h
-- Looking for pthread.h - found
-- Performing Test CMAKE_HAVE_LIBC_PTHREAD
-- Performing Test CMAKE_HAVE_LIBC_PTHREAD - Success
-- Found Threads: TRUE  
-- Found sensor_msgs: 4.9.0 (/opt/ros/humble/share/sensor_msgs/cmake)
-- Found ament_lint_auto: 0.12.14 (/opt/ros/humble/share/ament_lint_auto/cmake)
-- Added test 'copyright' to check source files copyright and LICENSE
-- Added test 'cppcheck' to perform static code analysis on C / C++ code
-- Configured cppcheck include dirs: /home/zgw/Desktop/algo/lidar_sync_ws/src/multi_lidar_sync/include
-- Configured cppcheck exclude dirs and/or files: 
-- Added test 'cpplint' to check C / C++ code against the Google style
-- Configured cpplint exclude dirs and/or files: 
-- Added test 'flake8' to check Python code syntax and style conventions
-- Added test 'lint_cmake' to check CMake code style
-- Added test 'pep257' to check Python code against some of the docstring style conventions in PEP 257
-- Added test 'uncrustify' to check C / C++ code style
-- Configured uncrustify additional arguments: 
-- Added test 'xmllint' to check XML markup files
-- Configuring done
-- Generating done
-- Build files have been written to: /home/zgw/Desktop/algo/lidar_sync_ws/build/multi_lidar_sync
[ 20%] [32mBuilding CXX object CMakeFiles/multi_lidar_sync_node.dir/src/lidar_buffer_manager.cpp.o[0m
[ 40%] [32mBuilding CXX object CMakeFiles/multi_lidar_sync_node.dir/src/lidar_processor.cpp.o[0m
[ 60%] [32mBuilding CXX object CMakeFiles/multi_lidar_sync_node.dir/src/multi_lidar_processor.cpp.o[0m
[ 80%] [32mBuilding CXX object CMakeFiles/multi_lidar_sync_node.dir/src/multi_lidar_sync_node.cpp.o[0m
[100%] [32m[1mLinking CXX executable multi_lidar_sync_node[0m
[100%] Built target multi_lidar_sync_node
-- Install configuration: ""
-- Installing: /home/zgw/Desktop/algo/lidar_sync_ws/install/multi_lidar_sync/lib/multi_lidar_sync/multi_lidar_sync_node
-- Set runtime path of "/home/zgw/Desktop/algo/lidar_sync_ws/install/multi_lidar_sync/lib/multi_lidar_sync/multi_lidar_sync_node" to ""
-- Installing: /home/zgw/Desktop/algo/lidar_sync_ws/install/multi_lidar_sync/share/multi_lidar_sync/launch
-- Installing: /home/zgw/Desktop/algo/lidar_sync_ws/install/multi_lidar_sync/share/multi_lidar_sync/launch/multi_lidar_sync.launch.py
-- Installing: /home/zgw/Desktop/algo/lidar_sync_ws/install/multi_lidar_sync/share/multi_lidar_sync/config
-- Installing: /home/zgw/Desktop/algo/lidar_sync_ws/install/multi_lidar_sync/share/multi_lidar_sync/config/params.yaml
-- Installing: /home/zgw/Desktop/algo/lidar_sync_ws/install/multi_lidar_sync/share/multi_lidar_sync/config/lidar_config.yaml
-- Installing: /home/zgw/Desktop/algo/lidar_sync_ws/install/multi_lidar_sync/include
-- Installing: /home/zgw/Desktop/algo/lidar_sync_ws/install/multi_lidar_sync/include/multi_lidar_sync
-- Installing: /home/zgw/Desktop/algo/lidar_sync_ws/install/multi_lidar_sync/include/multi_lidar_sync/multi_lidar_processor.hpp
-- Installing: /home/zgw/Desktop/algo/lidar_sync_ws/install/multi_lidar_sync/include/multi_lidar_sync/lidar_types.hpp
-- Installing: /home/zgw/Desktop/algo/lidar_sync_ws/install/multi_lidar_sync/include/multi_lidar_sync/lidar_buffer_manager.hpp
-- Installing: /home/zgw/Desktop/algo/lidar_sync_ws/install/multi_lidar_sync/include/multi_lidar_sync/lidar_processor.hpp
-- Installing: /home/zgw/Desktop/algo/lidar_sync_ws/install/multi_lidar_sync/share/ament_index/resource_index/package_run_dependencies/multi_lidar_sync
-- Installing: /home/zgw/Desktop/algo/lidar_sync_ws/install/multi_lidar_sync/share/ament_index/resource_index/parent_prefix_path/multi_lidar_sync
-- Installing: /home/zgw/Desktop/algo/lidar_sync_ws/install/multi_lidar_sync/share/multi_lidar_sync/environment/ament_prefix_path.sh
-- Installing: /home/zgw/Desktop/algo/lidar_sync_ws/install/multi_lidar_sync/share/multi_lidar_sync/environment/ament_prefix_path.dsv
-- Installing: /home/zgw/Desktop/algo/lidar_sync_ws/install/multi_lidar_sync/share/multi_lidar_sync/environment/path.sh
-- Installing: /home/zgw/Desktop/algo/lidar_sync_ws/install/multi_lidar_sync/share/multi_lidar_sync/environment/path.dsv
-- Installing: /home/zgw/Desktop/algo/lidar_sync_ws/install/multi_lidar_sync/share/multi_lidar_sync/local_setup.bash
-- Installing: /home/zgw/Desktop/algo/lidar_sync_ws/install/multi_lidar_sync/share/multi_lidar_sync/local_setup.sh
-- Installing: /home/zgw/Desktop/algo/lidar_sync_ws/install/multi_lidar_sync/share/multi_lidar_sync/local_setup.zsh
-- Installing: /home/zgw/Desktop/algo/lidar_sync_ws/install/multi_lidar_sync/share/multi_lidar_sync/local_setup.dsv
-- Installing: /home/zgw/Desktop/algo/lidar_sync_ws/install/multi_lidar_sync/share/multi_lidar_sync/package.dsv
-- Installing: /home/zgw/Desktop/algo/lidar_sync_ws/install/multi_lidar_sync/share/ament_index/resource_index/packages/multi_lidar_sync
-- Installing: /home/zgw/Desktop/algo/lidar_sync_ws/install/multi_lidar_sync/share/multi_lidar_sync/cmake/multi_lidar_syncConfig.cmake
-- Installing: /home/zgw/Desktop/algo/lidar_sync_ws/install/multi_lidar_sync/share/multi_lidar_sync/cmake/multi_lidar_syncConfig-version.cmake
-- Installing: /home/zgw/Desktop/algo/lidar_sync_ws/install/multi_lidar_sync/share/multi_lidar_sync/package.xml
