[0.005s] Invoking command in '/home/zgw/Desktop/algo/lidar_sync_ws/build/multi_lidar_sync': CMAKE_PREFIX_PATH=/opt/ros/humble /usr/bin/cmake /home/zgw/Desktop/algo/lidar_sync_ws/src/multi_lidar_sync -DCMAKE_INSTALL_PREFIX=/home/zgw/Desktop/algo/lidar_sync_ws/install/multi_lidar_sync
[0.056s] -- The C compiler identification is GNU 11.4.0
[0.096s] -- The CXX compiler identification is GNU 11.4.0
[0.102s] -- Detecting C compiler ABI info
[0.152s] -- Detecting C compiler ABI info - done
[0.155s] -- Check for working C compiler: /usr/bin/cc - skipped
[0.156s] -- Detecting C compile features
[0.157s] -- Detecting C compile features - done
[0.159s] -- Detecting CXX compiler ABI info
[0.210s] -- Detecting CXX compiler ABI info - done
[0.215s] -- Check for working CXX compiler: /usr/bin/c++ - skipped
[0.216s] -- Detecting CXX compile features
[0.216s] -- Detecting CXX compile features - done
[0.223s] -- Found ament_cmake: 1.3.12 (/opt/ros/humble/share/ament_cmake/cmake)
[0.338s] -- Found Python3: /usr/bin/python3 (found version "3.10.12") found components: Interpreter 
[0.412s] -- Found rclcpp: 16.0.16 (/opt/ros/humble/share/rclcpp/cmake)
[0.453s] -- Found rosidl_generator_c: 3.1.7 (/opt/ros/humble/share/rosidl_generator_c/cmake)
[0.456s] -- Found rosidl_adapter: 3.1.7 (/opt/ros/humble/share/rosidl_adapter/cmake)
[0.466s] -- Found rosidl_generator_cpp: 3.1.7 (/opt/ros/humble/share/rosidl_generator_cpp/cmake)
[0.481s] -- Using all available rosidl_typesupport_c: rosidl_typesupport_fastrtps_c;rosidl_typesupport_introspection_c
[0.495s] -- Using all available rosidl_typesupport_cpp: rosidl_typesupport_fastrtps_cpp;rosidl_typesupport_introspection_cpp
[0.535s] -- Found rmw_implementation_cmake: 6.1.2 (/opt/ros/humble/share/rmw_implementation_cmake/cmake)
[0.538s] -- Found rmw_fastrtps_cpp: 6.2.9 (/opt/ros/humble/share/rmw_fastrtps_cpp/cmake)
[0.597s] -- Found OpenSSL: /usr/lib/x86_64-linux-gnu/libcrypto.so (found version "3.0.2")  
[0.613s] -- Found FastRTPS: /opt/ros/humble/include  
[0.637s] -- Using RMW implementation 'rmw_fastrtps_cpp' as default
[0.646s] -- Looking for pthread.h
[0.694s] -- Looking for pthread.h - found
[0.694s] -- Performing Test CMAKE_HAVE_LIBC_PTHREAD
[0.739s] -- Performing Test CMAKE_HAVE_LIBC_PTHREAD - Success
[0.739s] -- Found Threads: TRUE  
[0.778s] -- Found sensor_msgs: 4.9.0 (/opt/ros/humble/share/sensor_msgs/cmake)
[0.807s] -- Found ament_lint_auto: 0.12.14 (/opt/ros/humble/share/ament_lint_auto/cmake)
[0.859s] -- Added test 'copyright' to check source files copyright and LICENSE
[0.860s] -- Added test 'cppcheck' to perform static code analysis on C / C++ code
[0.860s] -- Configured cppcheck include dirs: /home/zgw/Desktop/algo/lidar_sync_ws/src/multi_lidar_sync/include
[0.860s] -- Configured cppcheck exclude dirs and/or files: 
[0.861s] -- Added test 'cpplint' to check C / C++ code against the Google style
[0.861s] -- Configured cpplint exclude dirs and/or files: 
[0.861s] -- Added test 'flake8' to check Python code syntax and style conventions
[0.862s] -- Added test 'lint_cmake' to check CMake code style
[0.863s] -- Added test 'pep257' to check Python code against some of the docstring style conventions in PEP 257
[0.864s] -- Added test 'uncrustify' to check C / C++ code style
[0.864s] -- Configured uncrustify additional arguments: 
[0.864s] -- Added test 'xmllint' to check XML markup files
[0.865s] -- Configuring done
[0.871s] -- Generating done
[0.874s] -- Build files have been written to: /home/zgw/Desktop/algo/lidar_sync_ws/build/multi_lidar_sync
[0.880s] Invoked command in '/home/zgw/Desktop/algo/lidar_sync_ws/build/multi_lidar_sync' returned '0': CMAKE_PREFIX_PATH=/opt/ros/humble /usr/bin/cmake /home/zgw/Desktop/algo/lidar_sync_ws/src/multi_lidar_sync -DCMAKE_INSTALL_PREFIX=/home/zgw/Desktop/algo/lidar_sync_ws/install/multi_lidar_sync
[0.880s] Invoking command in '/home/zgw/Desktop/algo/lidar_sync_ws/build/multi_lidar_sync': CMAKE_PREFIX_PATH=/opt/ros/humble /usr/bin/cmake --build /home/zgw/Desktop/algo/lidar_sync_ws/build/multi_lidar_sync -- -j24 -l24
[0.910s] [ 20%] [32mBuilding CXX object CMakeFiles/multi_lidar_sync_node.dir/src/lidar_buffer_manager.cpp.o[0m
[0.910s] [ 40%] [32mBuilding CXX object CMakeFiles/multi_lidar_sync_node.dir/src/lidar_processor.cpp.o[0m
[0.911s] [ 60%] [32mBuilding CXX object CMakeFiles/multi_lidar_sync_node.dir/src/multi_lidar_processor.cpp.o[0m
[0.911s] [ 80%] [32mBuilding CXX object CMakeFiles/multi_lidar_sync_node.dir/src/multi_lidar_sync_node.cpp.o[0m
[5.293s] [100%] [32m[1mLinking CXX executable multi_lidar_sync_node[0m
[5.564s] [100%] Built target multi_lidar_sync_node
[5.575s] Invoked command in '/home/zgw/Desktop/algo/lidar_sync_ws/build/multi_lidar_sync' returned '0': CMAKE_PREFIX_PATH=/opt/ros/humble /usr/bin/cmake --build /home/zgw/Desktop/algo/lidar_sync_ws/build/multi_lidar_sync -- -j24 -l24
[5.580s] Invoking command in '/home/zgw/Desktop/algo/lidar_sync_ws/build/multi_lidar_sync': CMAKE_PREFIX_PATH=/opt/ros/humble /usr/bin/cmake --install /home/zgw/Desktop/algo/lidar_sync_ws/build/multi_lidar_sync
[5.583s] -- Install configuration: ""
[5.583s] -- Installing: /home/zgw/Desktop/algo/lidar_sync_ws/install/multi_lidar_sync/lib/multi_lidar_sync/multi_lidar_sync_node
[5.585s] -- Set runtime path of "/home/zgw/Desktop/algo/lidar_sync_ws/install/multi_lidar_sync/lib/multi_lidar_sync/multi_lidar_sync_node" to ""
[5.585s] -- Installing: /home/zgw/Desktop/algo/lidar_sync_ws/install/multi_lidar_sync/share/multi_lidar_sync/launch
[5.585s] -- Installing: /home/zgw/Desktop/algo/lidar_sync_ws/install/multi_lidar_sync/share/multi_lidar_sync/launch/multi_lidar_sync.launch.py
[5.585s] -- Installing: /home/zgw/Desktop/algo/lidar_sync_ws/install/multi_lidar_sync/share/multi_lidar_sync/config
[5.585s] -- Installing: /home/zgw/Desktop/algo/lidar_sync_ws/install/multi_lidar_sync/share/multi_lidar_sync/config/params.yaml
[5.585s] -- Installing: /home/zgw/Desktop/algo/lidar_sync_ws/install/multi_lidar_sync/share/multi_lidar_sync/config/lidar_config.yaml
[5.585s] -- Installing: /home/zgw/Desktop/algo/lidar_sync_ws/install/multi_lidar_sync/include
[5.585s] -- Installing: /home/zgw/Desktop/algo/lidar_sync_ws/install/multi_lidar_sync/include/multi_lidar_sync
[5.585s] -- Installing: /home/zgw/Desktop/algo/lidar_sync_ws/install/multi_lidar_sync/include/multi_lidar_sync/multi_lidar_processor.hpp
[5.585s] -- Installing: /home/zgw/Desktop/algo/lidar_sync_ws/install/multi_lidar_sync/include/multi_lidar_sync/lidar_types.hpp
[5.586s] -- Installing: /home/zgw/Desktop/algo/lidar_sync_ws/install/multi_lidar_sync/include/multi_lidar_sync/lidar_buffer_manager.hpp
[5.586s] -- Installing: /home/zgw/Desktop/algo/lidar_sync_ws/install/multi_lidar_sync/include/multi_lidar_sync/lidar_processor.hpp
[5.586s] -- Installing: /home/zgw/Desktop/algo/lidar_sync_ws/install/multi_lidar_sync/share/ament_index/resource_index/package_run_dependencies/multi_lidar_sync
[5.586s] -- Installing: /home/zgw/Desktop/algo/lidar_sync_ws/install/multi_lidar_sync/share/ament_index/resource_index/parent_prefix_path/multi_lidar_sync
[5.586s] -- Installing: /home/zgw/Desktop/algo/lidar_sync_ws/install/multi_lidar_sync/share/multi_lidar_sync/environment/ament_prefix_path.sh
[5.586s] -- Installing: /home/zgw/Desktop/algo/lidar_sync_ws/install/multi_lidar_sync/share/multi_lidar_sync/environment/ament_prefix_path.dsv
[5.586s] -- Installing: /home/zgw/Desktop/algo/lidar_sync_ws/install/multi_lidar_sync/share/multi_lidar_sync/environment/path.sh
[5.586s] -- Installing: /home/zgw/Desktop/algo/lidar_sync_ws/install/multi_lidar_sync/share/multi_lidar_sync/environment/path.dsv
[5.586s] -- Installing: /home/zgw/Desktop/algo/lidar_sync_ws/install/multi_lidar_sync/share/multi_lidar_sync/local_setup.bash
[5.586s] -- Installing: /home/zgw/Desktop/algo/lidar_sync_ws/install/multi_lidar_sync/share/multi_lidar_sync/local_setup.sh
[5.586s] -- Installing: /home/zgw/Desktop/algo/lidar_sync_ws/install/multi_lidar_sync/share/multi_lidar_sync/local_setup.zsh
[5.586s] -- Installing: /home/zgw/Desktop/algo/lidar_sync_ws/install/multi_lidar_sync/share/multi_lidar_sync/local_setup.dsv
[5.586s] -- Installing: /home/zgw/Desktop/algo/lidar_sync_ws/install/multi_lidar_sync/share/multi_lidar_sync/package.dsv
[5.586s] -- Installing: /home/zgw/Desktop/algo/lidar_sync_ws/install/multi_lidar_sync/share/ament_index/resource_index/packages/multi_lidar_sync
[5.586s] -- Installing: /home/zgw/Desktop/algo/lidar_sync_ws/install/multi_lidar_sync/share/multi_lidar_sync/cmake/multi_lidar_syncConfig.cmake
[5.586s] -- Installing: /home/zgw/Desktop/algo/lidar_sync_ws/install/multi_lidar_sync/share/multi_lidar_sync/cmake/multi_lidar_syncConfig-version.cmake
[5.586s] -- Installing: /home/zgw/Desktop/algo/lidar_sync_ws/install/multi_lidar_sync/share/multi_lidar_sync/package.xml
[5.587s] Invoked command in '/home/zgw/Desktop/algo/lidar_sync_ws/build/multi_lidar_sync' returned '0': CMAKE_PREFIX_PATH=/opt/ros/humble /usr/bin/cmake --install /home/zgw/Desktop/algo/lidar_sync_ws/build/multi_lidar_sync
