[0.006s] Invoking command in '/home/zgw/Desktop/algo/lidar_sync_ws/build/multi_lidar_sync': CMAKE_PREFIX_PATH=/opt/ros/humble /usr/bin/cmake --build /home/zgw/Desktop/algo/lidar_sync_ws/build/multi_lidar_sync -- -j24 -l24
[0.021s] -- Found ament_cmake: 1.3.12 (/opt/ros/humble/share/ament_cmake/cmake)
[0.088s] -- Found rclcpp: 16.0.16 (/opt/ros/humble/share/rclcpp/cmake)
[0.103s] -- Found rosidl_generator_c: 3.1.7 (/opt/ros/humble/share/rosidl_generator_c/cmake)
[0.104s] -- Found rosidl_adapter: 3.1.7 (/opt/ros/humble/share/rosidl_adapter/cmake)
[0.107s] -- Found rosidl_generator_cpp: 3.1.7 (/opt/ros/humble/share/rosidl_generator_cpp/cmake)
[0.111s] -- Using all available rosidl_typesupport_c: rosidl_typesupport_fastrtps_c;rosidl_typesupport_introspection_c
[0.117s] -- Using all available rosidl_typesupport_cpp: rosidl_typesupport_fastrtps_cpp;rosidl_typesupport_introspection_cpp
[0.130s] -- Found rmw_implementation_cmake: 6.1.2 (/opt/ros/humble/share/rmw_implementation_cmake/cmake)
[0.131s] -- Found rmw_fastrtps_cpp: 6.2.9 (/opt/ros/humble/share/rmw_fastrtps_cpp/cmake)
[0.181s] -- Using RMW implementation 'rmw_fastrtps_cpp' as default
[0.203s] -- Found sensor_msgs: 4.9.0 (/opt/ros/humble/share/sensor_msgs/cmake)
[0.216s] -- Found ament_lint_auto: 0.12.14 (/opt/ros/humble/share/ament_lint_auto/cmake)
[0.251s] -- Added test 'copyright' to check source files copyright and LICENSE
[0.252s] -- Added test 'cppcheck' to perform static code analysis on C / C++ code
[0.252s] -- Configured cppcheck include dirs: /home/zgw/Desktop/algo/lidar_sync_ws/src/multi_lidar_sync/include
[0.252s] -- Configured cppcheck exclude dirs and/or files: 
[0.252s] -- Added test 'cpplint' to check C / C++ code against the Google style
[0.252s] -- Configured cpplint exclude dirs and/or files: 
[0.253s] -- Added test 'flake8' to check Python code syntax and style conventions
[0.253s] -- Added test 'lint_cmake' to check CMake code style
[0.253s] -- Added test 'pep257' to check Python code against some of the docstring style conventions in PEP 257
[0.253s] -- Added test 'uncrustify' to check C / C++ code style
[0.253s] -- Configured uncrustify additional arguments: 
[0.254s] -- Added test 'xmllint' to check XML markup files
[0.254s] -- Configuring done
[0.260s] -- Generating done
[0.261s] -- Build files have been written to: /home/zgw/Desktop/algo/lidar_sync_ws/build/multi_lidar_sync
[0.277s] [35m[1mConsolidate compiler generated dependencies of target multi_lidar_sync_node[0m
[0.289s] [ 20%] [32mBuilding CXX object CMakeFiles/multi_lidar_sync_node.dir/src/lidar_processor.cpp.o[0m
[0.290s] [ 40%] [32mBuilding CXX object CMakeFiles/multi_lidar_sync_node.dir/src/multi_lidar_sync_node.cpp.o[0m
[4.436s] [ 60%] [32m[1mLinking CXX executable multi_lidar_sync_node[0m
[4.669s] [100%] Built target multi_lidar_sync_node
[4.681s] Invoked command in '/home/zgw/Desktop/algo/lidar_sync_ws/build/multi_lidar_sync' returned '0': CMAKE_PREFIX_PATH=/opt/ros/humble /usr/bin/cmake --build /home/zgw/Desktop/algo/lidar_sync_ws/build/multi_lidar_sync -- -j24 -l24
[4.687s] Invoking command in '/home/zgw/Desktop/algo/lidar_sync_ws/build/multi_lidar_sync': CMAKE_PREFIX_PATH=/opt/ros/humble /usr/bin/cmake --install /home/zgw/Desktop/algo/lidar_sync_ws/build/multi_lidar_sync
[4.690s] -- Install configuration: ""
[4.691s] -- Installing: /home/zgw/Desktop/algo/lidar_sync_ws/install/multi_lidar_sync/lib/multi_lidar_sync/multi_lidar_sync_node
[4.692s] -- Set runtime path of "/home/zgw/Desktop/algo/lidar_sync_ws/install/multi_lidar_sync/lib/multi_lidar_sync/multi_lidar_sync_node" to ""
[4.693s] -- Up-to-date: /home/zgw/Desktop/algo/lidar_sync_ws/install/multi_lidar_sync/share/multi_lidar_sync/launch
[4.693s] -- Up-to-date: /home/zgw/Desktop/algo/lidar_sync_ws/install/multi_lidar_sync/share/multi_lidar_sync/launch/multi_lidar_sync.launch.py
[4.693s] -- Up-to-date: /home/zgw/Desktop/algo/lidar_sync_ws/install/multi_lidar_sync/share/multi_lidar_sync/config
[4.693s] -- Up-to-date: /home/zgw/Desktop/algo/lidar_sync_ws/install/multi_lidar_sync/share/multi_lidar_sync/config/params.yaml
[4.693s] -- Up-to-date: /home/zgw/Desktop/algo/lidar_sync_ws/install/multi_lidar_sync/share/multi_lidar_sync/config/lidar_config.yaml
[4.693s] -- Up-to-date: /home/zgw/Desktop/algo/lidar_sync_ws/install/multi_lidar_sync/include
[4.693s] -- Up-to-date: /home/zgw/Desktop/algo/lidar_sync_ws/install/multi_lidar_sync/include/multi_lidar_sync
[4.693s] -- Up-to-date: /home/zgw/Desktop/algo/lidar_sync_ws/install/multi_lidar_sync/include/multi_lidar_sync/multi_lidar_processor.hpp
[4.693s] -- Up-to-date: /home/zgw/Desktop/algo/lidar_sync_ws/install/multi_lidar_sync/include/multi_lidar_sync/lidar_types.hpp
[4.693s] -- Up-to-date: /home/zgw/Desktop/algo/lidar_sync_ws/install/multi_lidar_sync/include/multi_lidar_sync/lidar_buffer_manager.hpp
[4.693s] -- Up-to-date: /home/zgw/Desktop/algo/lidar_sync_ws/install/multi_lidar_sync/include/multi_lidar_sync/lidar_processor.hpp
[4.693s] -- Up-to-date: /home/zgw/Desktop/algo/lidar_sync_ws/install/multi_lidar_sync/share/ament_index/resource_index/package_run_dependencies/multi_lidar_sync
[4.693s] -- Up-to-date: /home/zgw/Desktop/algo/lidar_sync_ws/install/multi_lidar_sync/share/ament_index/resource_index/parent_prefix_path/multi_lidar_sync
[4.693s] -- Up-to-date: /home/zgw/Desktop/algo/lidar_sync_ws/install/multi_lidar_sync/share/multi_lidar_sync/environment/ament_prefix_path.sh
[4.693s] -- Installing: /home/zgw/Desktop/algo/lidar_sync_ws/install/multi_lidar_sync/share/multi_lidar_sync/environment/ament_prefix_path.dsv
[4.693s] -- Up-to-date: /home/zgw/Desktop/algo/lidar_sync_ws/install/multi_lidar_sync/share/multi_lidar_sync/environment/path.sh
[4.693s] -- Installing: /home/zgw/Desktop/algo/lidar_sync_ws/install/multi_lidar_sync/share/multi_lidar_sync/environment/path.dsv
[4.693s] -- Up-to-date: /home/zgw/Desktop/algo/lidar_sync_ws/install/multi_lidar_sync/share/multi_lidar_sync/local_setup.bash
[4.693s] -- Up-to-date: /home/zgw/Desktop/algo/lidar_sync_ws/install/multi_lidar_sync/share/multi_lidar_sync/local_setup.sh
[4.693s] -- Up-to-date: /home/zgw/Desktop/algo/lidar_sync_ws/install/multi_lidar_sync/share/multi_lidar_sync/local_setup.zsh
[4.693s] -- Installing: /home/zgw/Desktop/algo/lidar_sync_ws/install/multi_lidar_sync/share/multi_lidar_sync/local_setup.dsv
[4.693s] -- Installing: /home/zgw/Desktop/algo/lidar_sync_ws/install/multi_lidar_sync/share/multi_lidar_sync/package.dsv
[4.693s] -- Up-to-date: /home/zgw/Desktop/algo/lidar_sync_ws/install/multi_lidar_sync/share/ament_index/resource_index/packages/multi_lidar_sync
[4.693s] -- Up-to-date: /home/zgw/Desktop/algo/lidar_sync_ws/install/multi_lidar_sync/share/multi_lidar_sync/cmake/multi_lidar_syncConfig.cmake
[4.694s] -- Up-to-date: /home/zgw/Desktop/algo/lidar_sync_ws/install/multi_lidar_sync/share/multi_lidar_sync/cmake/multi_lidar_syncConfig-version.cmake
[4.694s] -- Installing: /home/zgw/Desktop/algo/lidar_sync_ws/install/multi_lidar_sync/share/multi_lidar_sync/package.xml
[4.694s] Invoked command in '/home/zgw/Desktop/algo/lidar_sync_ws/build/multi_lidar_sync' returned '0': CMAKE_PREFIX_PATH=/opt/ros/humble /usr/bin/cmake --install /home/zgw/Desktop/algo/lidar_sync_ws/build/multi_lidar_sync
